warning: in the working copy of '.dart_tool/dartpad/web_plugin_registrant.dart', LF will be replaced by CRLF the next time Git touches it
warning: in the working copy of '.dart_tool/flutter_build/3d3c8657a2bb253d38e8ee4788ed74c5/kernel_snapshot_program.d', LF will be replaced by CRLF the next time Git touches it
warning: in the working copy of '.dart_tool/flutter_build/50fc138ead926e7d91d611e1f30964aa/kernel_snapshot_program.d', LF will be replaced by CRLF the next time Git touches it
warning: in the working copy of '.dart_tool/flutter_build/dart_plugin_registrant.dart', LF will be replaced by CRLF the next time Git touches it
warning: in the working copy of '.dart_tool/hooks_runner/objective_c/88a2759845/hook.dill.d', LF will be replaced by CRLF the next time Git touches it
warning: in the working copy of '.dart_tool/hooks_runner/objective_c/88a2759845/input.json', LF will be replaced by CRLF the next time Git touches it
warning: in the working copy of '.dart_tool/hooks_runner/objective_c/88a2759845/output.json', LF will be replaced by CRLF the next time Git touches it
warning: in the working copy of '.dart_tool/hooks_runner/objective_c/88a2759845/stdout.txt', LF will be replaced by CRLF the next time Git touches it
warning: in the working copy of '.dart_tool/hooks_runner/objective_c/8e04c28b44/hook.dill.d', LF will be replaced by CRLF the next time Git touches it
warning: in the working copy of '.dart_tool/hooks_runner/objective_c/8e04c28b44/input.json', LF will be replaced by CRLF the next time Git touches it
warning: in the working copy of '.dart_tool/hooks_runner/objective_c/8e04c28b44/output.json', LF will be replaced by CRLF the next time Git touches it
warning: in the working copy of '.dart_tool/hooks_runner/objective_c/8e04c28b44/stdout.txt', LF will be replaced by CRLF the next time Git touches it
warning: in the working copy of '.dart_tool/hooks_runner/objective_c/e2e975c657/hook.dill.d', LF will be replaced by CRLF the next time Git touches it
warning: in the working copy of '.dart_tool/hooks_runner/objective_c/e2e975c657/input.json', LF will be replaced by CRLF the next time Git touches it
warning: in the working copy of '.dart_tool/hooks_runner/objective_c/e2e975c657/output.json', LF will be replaced by CRLF the next time Git touches it
warning: in the working copy of '.dart_tool/hooks_runner/objective_c/e2e975c657/stdout.txt', LF will be replaced by CRLF the next time Git touches it
warning: in the working copy of '.dart_tool/hooks_runner/objective_c/f9100ea483/hook.dill.d', LF will be replaced by CRLF the next time Git touches it
warning: in the working copy of '.dart_tool/hooks_runner/objective_c/f9100ea483/input.json', LF will be replaced by CRLF the next time Git touches it
warning: in the working copy of '.dart_tool/hooks_runner/objective_c/f9100ea483/output.json', LF will be replaced by CRLF the next time Git touches it
warning: in the working copy of '.dart_tool/hooks_runner/objective_c/f9100ea483/stdout.txt', LF will be replaced by CRLF the next time Git touches it
warning: in the working copy of '.dart_tool/package_config.json', LF will be replaced by CRLF the next time Git touches it
warning: in the working copy of '.dart_tool/package_graph.json', LF will be replaced by CRLF the next time Git touches it
warning: in the working copy of 'README.md', LF will be replaced by CRLF the next time Git touches it
warning: in the working copy of 'analysis_options.yaml', LF will be replaced by CRLF the next time Git touches it
warning: in the working copy of 'build/.cxx/debug/5s314c5z/arm64-v8a/android_gradle_build.json', LF will be replaced by CRLF the next time Git touches it
warning: in the working copy of 'build/.cxx/debug/5s314c5z/arm64-v8a/android_gradle_build_mini.json', LF will be replaced by CRLF the next time Git touches it
warning: in the working copy of 'build/.cxx/debug/5s314c5z/arm64-v8a/metadata_generation_command.txt', LF will be replaced by CRLF the next time Git touches it
warning: in the working copy of 'build/.cxx/debug/5s314c5z/arm64-v8a/prefab_config.json', LF will be replaced by CRLF the next time Git touches it
warning: in the working copy of 'build/.cxx/debug/5s314c5z/armeabi-v7a/android_gradle_build.json', LF will be replaced by CRLF the next time Git touches it
warning: in the working copy of 'build/.cxx/debug/5s314c5z/armeabi-v7a/android_gradle_build_mini.json', LF will be replaced by CRLF the next time Git touches it
warning: in the working copy of 'build/.cxx/debug/5s314c5z/armeabi-v7a/metadata_generation_command.txt', LF will be replaced by CRLF the next time Git touches it
warning: in the working copy of 'build/.cxx/debug/5s314c5z/armeabi-v7a/prefab_config.json', LF will be replaced by CRLF the next time Git touches it
warning: in the working copy of 'build/.cxx/debug/5s314c5z/hash_key.txt', LF will be replaced by CRLF the next time Git touches it
warning: in the working copy of 'build/.cxx/debug/5s314c5z/x86_64/android_gradle_build.json', LF will be replaced by CRLF the next time Git touches it
warning: in the working copy of 'build/.cxx/debug/5s314c5z/x86_64/android_gradle_build_mini.json', LF will be replaced by CRLF the next time Git touches it
warning: in the working copy of 'build/.cxx/debug/5s314c5z/x86_64/metadata_generation_command.txt', LF will be replaced by CRLF the next time Git touches it
warning: in the working copy of 'build/.cxx/debug/5s314c5z/x86_64/prefab_config.json', LF will be replaced by CRLF the next time Git touches it
warning: in the working copy of 'build/app/intermediates/app_metadata/debug/writeDebugAppMetadata/app-metadata.properties', LF will be replaced by CRLF the next time Git touches it
warning: in the working copy of 'build/app/intermediates/compatible_screen_manifest/debug/createDebugCompatibleScreenManifests/output-metadata.json', LF will be replaced by CRLF the next time Git touches it
warning: in the working copy of 'build/app/intermediates/cxx/debug/5s314c5z/logs/arm64-v8a/build_model.json', LF will be replaced by CRLF the next time Git touches it
warning: in the working copy of 'build/app/intermediates/cxx/debug/5s314c5z/logs/arm64-v8a/configure_command.bat', LF will be replaced by CRLF the next time Git touches it
warning: in the working copy of 'build/app/intermediates/cxx/debug/5s314c5z/logs/arm64-v8a/configure_stdout.txt', LF will be replaced by CRLF the next time Git touches it
warning: in the working copy of 'build/app/intermediates/cxx/debug/5s314c5z/logs/arm64-v8a/generate_cxx_metadata_1014_timing.txt', LF will be replaced by CRLF the next time Git touches it
warning: in the working copy of 'build/app/intermediates/cxx/debug/5s314c5z/logs/arm64-v8a/generate_cxx_metadata_1093_timing.txt', LF will be replaced by CRLF the next time Git touches it
warning: in the working copy of 'build/app/intermediates/cxx/debug/5s314c5z/logs/arm64-v8a/generate_cxx_metadata_116_timing.txt', LF will be replaced by CRLF the next time Git touches it
warning: in the working copy of 'build/app/intermediates/cxx/debug/5s314c5z/logs/arm64-v8a/generate_cxx_metadata_120_timing.txt', LF will be replaced by CRLF the next time Git touches it
warning: in the working copy of 'build/app/intermediates/cxx/debug/5s314c5z/logs/arm64-v8a/generate_cxx_metadata_1215_timing.txt', LF will be replaced by CRLF the next time Git touches it
warning: in the working copy of 'build/app/intermediates/cxx/debug/5s314c5z/logs/arm64-v8a/generate_cxx_metadata_121_timing.txt', LF will be replaced by CRLF the next time Git touches it
warning: in the working copy of 'build/app/intermediates/cxx/debug/5s314c5z/logs/arm64-v8a/generate_cxx_metadata_122_timing.txt', LF will be replaced by CRLF the next time Git touches it
warning: in the working copy of 'build/app/intermediates/cxx/debug/5s314c5z/logs/arm64-v8a/generate_cxx_metadata_127_timing.txt', LF will be replaced by CRLF the next time Git touches it
warning: in the working copy of 'build/app/intermediates/cxx/debug/5s314c5z/logs/arm64-v8a/generate_cxx_metadata_1457_timing.txt', LF will be replaced by CRLF the next time Git touches it
warning: in the working copy of 'build/app/intermediates/cxx/debug/5s314c5z/logs/arm64-v8a/generate_cxx_metadata_324_timing.txt', LF will be replaced by CRLF the next time Git touches it
warning: in the working copy of 'build/app/intermediates/cxx/debug/5s314c5z/logs/arm64-v8a/generate_cxx_metadata_334_timing.txt', LF will be replaced by CRLF the next time Git touches it
warning: in the working copy of 'build/app/intermediates/cxx/debug/5s314c5z/logs/arm64-v8a/generate_cxx_metadata_363_timing.txt', LF will be replaced by CRLF the next time Git touches it
warning: in the working copy of 'build/app/intermediates/cxx/debug/5s314c5z/logs/arm64-v8a/generate_cxx_metadata_372_timing.txt', LF will be replaced by CRLF the next time Git touches it
warning: in the working copy of 'build/app/intermediates/cxx/debug/5s314c5z/logs/arm64-v8a/generate_cxx_metadata_411_timing.txt', LF will be replaced by CRLF the next time Git touches it
warning: in the working copy of 'build/app/intermediates/cxx/debug/5s314c5z/logs/arm64-v8a/generate_cxx_metadata_525_timing.txt', LF will be replaced by CRLF the next time Git touches it
warning: in the working copy of 'build/app/intermediates/cxx/debug/5s314c5z/logs/arm64-v8a/generate_cxx_metadata_582_timing.txt', LF will be replaced by CRLF the next time Git touches it
warning: in the working copy of 'build/app/intermediates/cxx/debug/5s314c5z/logs/arm64-v8a/generate_cxx_metadata_599_timing.txt', LF will be replaced by CRLF the next time Git touches it
warning: in the working copy of 'build/app/intermediates/cxx/debug/5s314c5z/logs/arm64-v8a/generate_cxx_metadata_782_timing.txt', LF will be replaced by CRLF the next time Git touches it
warning: in the working copy of 'build/app/intermediates/cxx/debug/5s314c5z/logs/arm64-v8a/generate_cxx_metadata_809_timing.txt', LF will be replaced by CRLF the next time Git touches it
warning: in the working copy of 'build/app/intermediates/cxx/debug/5s314c5z/logs/arm64-v8a/generate_cxx_metadata_8151_timing.txt', LF will be replaced by CRLF the next time Git touches it
warning: in the working copy of 'build/app/intermediates/cxx/debug/5s314c5z/logs/arm64-v8a/generate_cxx_metadata_828_timing.txt', LF will be replaced by CRLF the next time Git touches it
warning: in the working copy of 'build/app/intermediates/cxx/debug/5s314c5z/logs/arm64-v8a/metadata_generation_record.json', LF will be replaced by CRLF the next time Git touches it
warning: in the working copy of 'build/app/intermediates/cxx/debug/5s314c5z/logs/armeabi-v7a/build_model.json', LF will be replaced by CRLF the next time Git touches it
warning: in the working copy of 'build/app/intermediates/cxx/debug/5s314c5z/logs/armeabi-v7a/configure_command.bat', LF will be replaced by CRLF the next time Git touches it
warning: in the working copy of 'build/app/intermediates/cxx/debug/5s314c5z/logs/armeabi-v7a/configure_stdout.txt', LF will be replaced by CRLF the next time Git touches it
warning: in the working copy of 'build/app/intermediates/cxx/debug/5s314c5z/logs/armeabi-v7a/generate_cxx_metadata_1014_timing.txt', LF will be replaced by CRLF the next time Git touches it
warning: in the working copy of 'build/app/intermediates/cxx/debug/5s314c5z/logs/armeabi-v7a/generate_cxx_metadata_1093_timing.txt', LF will be replaced by CRLF the next time Git touches it
warning: in the working copy of 'build/app/intermediates/cxx/debug/5s314c5z/logs/armeabi-v7a/generate_cxx_metadata_117_timing.txt', LF will be replaced by CRLF the next time Git touches it
warning: in the working copy of 'build/app/intermediates/cxx/debug/5s314c5z/logs/armeabi-v7a/generate_cxx_metadata_120_timing.txt', LF will be replaced by CRLF the next time Git touches it
warning: in the working copy of 'build/app/intermediates/cxx/debug/5s314c5z/logs/armeabi-v7a/generate_cxx_metadata_1215_timing.txt', LF will be replaced by CRLF the next time Git touches it
warning: in the working copy of 'build/app/intermediates/cxx/debug/5s314c5z/logs/armeabi-v7a/generate_cxx_metadata_124_timing.txt', LF will be replaced by CRLF the next time Git touches it
warning: in the working copy of 'build/app/intermediates/cxx/debug/5s314c5z/logs/armeabi-v7a/generate_cxx_metadata_125_timing.txt', LF will be replaced by CRLF the next time Git touches it
warning: in the working copy of 'build/app/intermediates/cxx/debug/5s314c5z/logs/armeabi-v7a/generate_cxx_metadata_127_timing.txt', LF will be replaced by CRLF the next time Git touches it
warning: in the working copy of 'build/app/intermediates/cxx/debug/5s314c5z/logs/armeabi-v7a/generate_cxx_metadata_1464_timing.txt', LF will be replaced by CRLF the next time Git touches it
warning: in the working copy of 'build/app/intermediates/cxx/debug/5s314c5z/logs/armeabi-v7a/generate_cxx_metadata_324_timing.txt', LF will be replaced by CRLF the next time Git touches it
warning: in the working copy of 'build/app/intermediates/cxx/debug/5s314c5z/logs/armeabi-v7a/generate_cxx_metadata_334_timing.txt', LF will be replaced by CRLF the next time Git touches it
warning: in the working copy of 'build/app/intermediates/cxx/debug/5s314c5z/logs/armeabi-v7a/generate_cxx_metadata_363_timing.txt', LF will be replaced by CRLF the next time Git touches it
warning: in the working copy of 'build/app/intermediates/cxx/debug/5s314c5z/logs/armeabi-v7a/generate_cxx_metadata_372_timing.txt', LF will be replaced by CRLF the next time Git touches it
warning: in the working copy of 'build/app/intermediates/cxx/debug/5s314c5z/logs/armeabi-v7a/generate_cxx_metadata_411_timing.txt', LF will be replaced by CRLF the next time Git touches it
warning: in the working copy of 'build/app/intermediates/cxx/debug/5s314c5z/logs/armeabi-v7a/generate_cxx_metadata_525_timing.txt', LF will be replaced by CRLF the next time Git touches it
warning: in the working copy of 'build/app/intermediates/cxx/debug/5s314c5z/logs/armeabi-v7a/generate_cxx_metadata_582_timing.txt', LF will be replaced by CRLF the next time Git touches it
warning: in the working copy of 'build/app/intermediates/cxx/debug/5s314c5z/logs/armeabi-v7a/generate_cxx_metadata_599_timing.txt', LF will be replaced by CRLF the next time Git touches it
warning: in the working copy of 'build/app/intermediates/cxx/debug/5s314c5z/logs/armeabi-v7a/generate_cxx_metadata_782_timing.txt', LF will be replaced by CRLF the next time Git touches it
warning: in the working copy of 'build/app/intermediates/cxx/debug/5s314c5z/logs/armeabi-v7a/generate_cxx_metadata_809_timing.txt', LF will be replaced by CRLF the next time Git touches it
warning: in the working copy of 'build/app/intermediates/cxx/debug/5s314c5z/logs/armeabi-v7a/generate_cxx_metadata_8148_timing.txt', LF will be replaced by CRLF the next time Git touches it
warning: in the working copy of 'build/app/intermediates/cxx/debug/5s314c5z/logs/armeabi-v7a/generate_cxx_metadata_828_timing.txt', LF will be replaced by CRLF the next time Git touches it
warning: in the working copy of 'build/app/intermediates/cxx/debug/5s314c5z/logs/armeabi-v7a/metadata_generation_record.json', LF will be replaced by CRLF the next time Git touches it
warning: in the working copy of 'build/app/intermediates/cxx/debug/5s314c5z/logs/x86_64/build_model.json', LF will be replaced by CRLF the next time Git touches it
warning: in the working copy of 'build/app/intermediates/cxx/debug/5s314c5z/logs/x86_64/configure_command.bat', LF will be replaced by CRLF the next time Git touches it
warning: in the working copy of 'build/app/intermediates/cxx/debug/5s314c5z/logs/x86_64/configure_stdout.txt', LF will be replaced by CRLF the next time Git touches it
warning: in the working copy of 'build/app/intermediates/cxx/debug/5s314c5z/logs/x86_64/generate_cxx_metadata_1014_timing.txt', LF will be replaced by CRLF the next time Git touches it
warning: in the working copy of 'build/app/intermediates/cxx/debug/5s314c5z/logs/x86_64/generate_cxx_metadata_1094_timing.txt', LF will be replaced by CRLF the next time Git touches it
warning: in the working copy of 'build/app/intermediates/cxx/debug/5s314c5z/logs/x86_64/generate_cxx_metadata_117_timing.txt', LF will be replaced by CRLF the next time Git touches it
warning: in the working copy of 'build/app/intermediates/cxx/debug/5s314c5z/logs/x86_64/generate_cxx_metadata_120_timing.txt', LF will be replaced by CRLF the next time Git touches it
warning: in the working copy of 'build/app/intermediates/cxx/debug/5s314c5z/logs/x86_64/generate_cxx_metadata_1228_timing.txt', LF will be replaced by CRLF the next time Git touches it
warning: in the working copy of 'build/app/intermediates/cxx/debug/5s314c5z/logs/x86_64/generate_cxx_metadata_124_timing.txt', LF will be replaced by CRLF the next time Git touches it
warning: in the working copy of 'build/app/intermediates/cxx/debug/5s314c5z/logs/x86_64/generate_cxx_metadata_125_timing.txt', LF will be replaced by CRLF the next time Git touches it
warning: in the working copy of 'build/app/intermediates/cxx/debug/5s314c5z/logs/x86_64/generate_cxx_metadata_127_timing.txt', LF will be replaced by CRLF the next time Git touches it
warning: in the working copy of 'build/app/intermediates/cxx/debug/5s314c5z/logs/x86_64/generate_cxx_metadata_1464_timing.txt', LF will be replaced by CRLF the next time Git touches it
warning: in the working copy of 'build/app/intermediates/cxx/debug/5s314c5z/logs/x86_64/generate_cxx_metadata_324_timing.txt', LF will be replaced by CRLF the next time Git touches it
warning: in the working copy of 'build/app/intermediates/cxx/debug/5s314c5z/logs/x86_64/generate_cxx_metadata_334_timing.txt', LF will be replaced by CRLF the next time Git touches it
warning: in the working copy of 'build/app/intermediates/cxx/debug/5s314c5z/logs/x86_64/generate_cxx_metadata_363_timing.txt', LF will be replaced by CRLF the next time Git touches it
warning: in the working copy of 'build/app/intermediates/cxx/debug/5s314c5z/logs/x86_64/generate_cxx_metadata_372_timing.txt', LF will be replaced by CRLF the next time Git touches it
warning: in the working copy of 'build/app/intermediates/cxx/debug/5s314c5z/logs/x86_64/generate_cxx_metadata_411_timing.txt', LF will be replaced by CRLF the next time Git touches it
warning: in the working copy of 'build/app/intermediates/cxx/debug/5s314c5z/logs/x86_64/generate_cxx_metadata_525_timing.txt', LF will be replaced by CRLF the next time Git touches it
warning: in the working copy of 'build/app/intermediates/cxx/debug/5s314c5z/logs/x86_64/generate_cxx_metadata_582_timing.txt', LF will be replaced by CRLF the next time Git touches it
warning: in the working copy of 'build/app/intermediates/cxx/debug/5s314c5z/logs/x86_64/generate_cxx_metadata_599_timing.txt', LF will be replaced by CRLF the next time Git touches it
warning: in the working copy of 'build/app/intermediates/cxx/debug/5s314c5z/logs/x86_64/generate_cxx_metadata_776_timing.txt', LF will be replaced by CRLF the next time Git touches it
warning: in the working copy of 'build/app/intermediates/cxx/debug/5s314c5z/logs/x86_64/generate_cxx_metadata_809_timing.txt', LF will be replaced by CRLF the next time Git touches it
warning: in the working copy of 'build/app/intermediates/cxx/debug/5s314c5z/logs/x86_64/generate_cxx_metadata_8148_timing.txt', LF will be replaced by CRLF the next time Git touches it
warning: in the working copy of 'build/app/intermediates/cxx/debug/5s314c5z/logs/x86_64/generate_cxx_metadata_830_timing.txt', LF will be replaced by CRLF the next time Git touches it
warning: in the working copy of 'build/app/intermediates/cxx/debug/5s314c5z/logs/x86_64/metadata_generation_record.json', LF will be replaced by CRLF the next time Git touches it
warning: in the working copy of 'build/app/intermediates/incremental/debug/mergeDebugResources/merged.dir/values-af/values-af.xml', LF will be replaced by CRLF the next time Git touches it
warning: in the working copy of 'build/app/intermediates/incremental/debug/mergeDebugResources/merged.dir/values-am/values-am.xml', LF will be replaced by CRLF the next time Git touches it
warning: in the working copy of 'build/app/intermediates/incremental/debug/mergeDebugResources/merged.dir/values-ar/values-ar.xml', LF will be replaced by CRLF the next time Git touches it
warning: in the working copy of 'build/app/intermediates/incremental/debug/mergeDebugResources/merged.dir/values-as/values-as.xml', LF will be replaced by CRLF the next time Git touches it
warning: in the working copy of 'build/app/intermediates/incremental/debug/mergeDebugResources/merged.dir/values-az/values-az.xml', LF will be replaced by CRLF the next time Git touches it
warning: in the working copy of 'build/app/intermediates/incremental/debug/mergeDebugResources/merged.dir/values-b+sr+Latn/values-b+sr+Latn.xml', LF will be replaced by CRLF the next time Git touches it
warning: in the working copy of 'build/app/intermediates/incremental/debug/mergeDebugResources/merged.dir/values-be/values-be.xml', LF will be replaced by CRLF the next time Git touches it
warning: in the working copy of 'build/app/intermediates/incremental/debug/mergeDebugResources/merged.dir/values-bg/values-bg.xml', LF will be replaced by CRLF the next time Git touches it
warning: in the working copy of 'build/app/intermediates/incremental/debug/mergeDebugResources/merged.dir/values-bn/values-bn.xml', LF will be replaced by CRLF the next time Git touches it
warning: in the working copy of 'build/app/intermediates/incremental/debug/mergeDebugResources/merged.dir/values-bs/values-bs.xml', LF will be replaced by CRLF the next time Git touches it
warning: in the working copy of 'build/app/intermediates/incremental/debug/mergeDebugResources/merged.dir/values-ca/values-ca.xml', LF will be replaced by CRLF the next time Git touches it
warning: in the working copy of 'build/app/intermediates/incremental/debug/mergeDebugResources/merged.dir/values-cs/values-cs.xml', LF will be replaced by CRLF the next time Git touches it
warning: in the working copy of 'build/app/intermediates/incremental/debug/mergeDebugResources/merged.dir/values-da/values-da.xml', LF will be replaced by CRLF the next time Git touches it
warning: in the working copy of 'build/app/intermediates/incremental/debug/mergeDebugResources/merged.dir/values-de/values-de.xml', LF will be replaced by CRLF the next time Git touches it
warning: in the working copy of 'build/app/intermediates/incremental/debug/mergeDebugResources/merged.dir/values-el/values-el.xml', LF will be replaced by CRLF the next time Git touches it
warning: in the working copy of 'build/app/intermediates/incremental/debug/mergeDebugResources/merged.dir/values-en-rAU/values-en-rAU.xml', LF will be replaced by CRLF the next time Git touches it
warning: in the working copy of 'build/app/intermediates/incremental/debug/mergeDebugResources/merged.dir/values-en-rCA/values-en-rCA.xml', LF will be replaced by CRLF the next time Git touches it
warning: in the working copy of 'build/app/intermediates/incremental/debug/mergeDebugResources/merged.dir/values-en-rGB/values-en-rGB.xml', LF will be replaced by CRLF the next time Git touches it
warning: in the working copy of 'build/app/intermediates/incremental/debug/mergeDebugResources/merged.dir/values-en-rIN/values-en-rIN.xml', LF will be replaced by CRLF the next time Git touches it
warning: in the working copy of 'build/app/intermediates/incremental/debug/mergeDebugResources/merged.dir/values-en-rXC/values-en-rXC.xml', LF will be replaced by CRLF the next time Git touches it
warning: in the working copy of 'build/app/intermediates/incremental/debug/mergeDebugResources/merged.dir/values-es-rUS/values-es-rUS.xml', LF will be replaced by CRLF the next time Git touches it
warning: in the working copy of 'build/app/intermediates/incremental/debug/mergeDebugResources/merged.dir/values-es/values-es.xml', LF will be replaced by CRLF the next time Git touches it
warning: in the working copy of 'build/app/intermediates/incremental/debug/mergeDebugResources/merged.dir/values-et/values-et.xml', LF will be replaced by CRLF the next time Git touches it
warning: in the working copy of 'build/app/intermediates/incremental/debug/mergeDebugResources/merged.dir/values-eu/values-eu.xml', LF will be replaced by CRLF the next time Git touches it
warning: in the working copy of 'build/app/intermediates/incremental/debug/mergeDebugResources/merged.dir/values-fa/values-fa.xml', LF will be replaced by CRLF the next time Git touches it
warning: in the working copy of 'build/app/intermediates/incremental/debug/mergeDebugResources/merged.dir/values-fi/values-fi.xml', LF will be replaced by CRLF the next time Git touches it
warning: in the working copy of 'build/app/intermediates/incremental/debug/mergeDebugResources/merged.dir/values-fr-rCA/values-fr-rCA.xml', LF will be replaced by CRLF the next time Git touches it
warning: in the working copy of 'build/app/intermediates/incremental/debug/mergeDebugResources/merged.dir/values-fr/values-fr.xml', LF will be replaced by CRLF the next time Git touches it
warning: in the working copy of 'build/app/intermediates/incremental/debug/mergeDebugResources/merged.dir/values-gl/values-gl.xml', LF will be replaced by CRLF the next time Git touches it
warning: in the working copy of 'build/app/intermediates/incremental/debug/mergeDebugResources/merged.dir/values-gu/values-gu.xml', LF will be replaced by CRLF the next time Git touches it
warning: in the working copy of 'build/app/intermediates/incremental/debug/mergeDebugResources/merged.dir/values-h720dp-v13/values-h720dp-v13.xml', LF will be replaced by CRLF the next time Git touches it
warning: in the working copy of 'build/app/intermediates/incremental/debug/mergeDebugResources/merged.dir/values-hdpi-v4/values-hdpi-v4.xml', LF will be replaced by CRLF the next time Git touches it
warning: in the working copy of 'build/app/intermediates/incremental/debug/mergeDebugResources/merged.dir/values-hi/values-hi.xml', LF will be replaced by CRLF the next time Git touches it
warning: in the working copy of 'build/app/intermediates/incremental/debug/mergeDebugResources/merged.dir/values-hr/values-hr.xml', LF will be replaced by CRLF the next time Git touches it
warning: in the working copy of 'build/app/intermediates/incremental/debug/mergeDebugResources/merged.dir/values-hu/values-hu.xml', LF will be replaced by CRLF the next time Git touches it
warning: in the working copy of 'build/app/intermediates/incremental/debug/mergeDebugResources/merged.dir/values-hy/values-hy.xml', LF will be replaced by CRLF the next time Git touches it
warning: in the working copy of 'build/app/intermediates/incremental/debug/mergeDebugResources/merged.dir/values-in/values-in.xml', LF will be replaced by CRLF the next time Git touches it
warning: in the working copy of 'build/app/intermediates/incremental/debug/mergeDebugResources/merged.dir/values-is/values-is.xml', LF will be replaced by CRLF the next time Git touches it
warning: in the working copy of 'build/app/intermediates/incremental/debug/mergeDebugResources/merged.dir/values-it/values-it.xml', LF will be replaced by CRLF the next time Git touches it
warning: in the working copy of 'build/app/intermediates/incremental/debug/mergeDebugResources/merged.dir/values-iw/values-iw.xml', LF will be replaced by CRLF the next time Git touches it
warning: in the working copy of 'build/app/intermediates/incremental/debug/mergeDebugResources/merged.dir/values-ja/values-ja.xml', LF will be replaced by CRLF the next time Git touches it
warning: in the working copy of 'build/app/intermediates/incremental/debug/mergeDebugResources/merged.dir/values-ka/values-ka.xml', LF will be replaced by CRLF the next time Git touches it
warning: in the working copy of 'build/app/intermediates/incremental/debug/mergeDebugResources/merged.dir/values-kk/values-kk.xml', LF will be replaced by CRLF the next time Git touches it
warning: in the working copy of 'build/app/intermediates/incremental/debug/mergeDebugResources/merged.dir/values-km/values-km.xml', LF will be replaced by CRLF the next time Git touches it
warning: in the working copy of 'build/app/intermediates/incremental/debug/mergeDebugResources/merged.dir/values-kn/values-kn.xml', LF will be replaced by CRLF the next time Git touches it
warning: in the working copy of 'build/app/intermediates/incremental/debug/mergeDebugResources/merged.dir/values-ko/values-ko.xml', LF will be replaced by CRLF the next time Git touches it
warning: in the working copy of 'build/app/intermediates/incremental/debug/mergeDebugResources/merged.dir/values-ky/values-ky.xml', LF will be replaced by CRLF the next time Git touches it
warning: in the working copy of 'build/app/intermediates/incremental/debug/mergeDebugResources/merged.dir/values-land/values-land.xml', LF will be replaced by CRLF the next time Git touches it
warning: in the working copy of 'build/app/intermediates/incremental/debug/mergeDebugResources/merged.dir/values-large-v4/values-large-v4.xml', LF will be replaced by CRLF the next time Git touches it
warning: in the working copy of 'build/app/intermediates/incremental/debug/mergeDebugResources/merged.dir/values-ldltr-v21/values-ldltr-v21.xml', LF will be replaced by CRLF the next time Git touches it
warning: in the working copy of 'build/app/intermediates/incremental/debug/mergeDebugResources/merged.dir/values-lo/values-lo.xml', LF will be replaced by CRLF the next time Git touches it
warning: in the working copy of 'build/app/intermediates/incremental/debug/mergeDebugResources/merged.dir/values-lt/values-lt.xml', LF will be replaced by CRLF the next time Git touches it
warning: in the working copy of 'build/app/intermediates/incremental/debug/mergeDebugResources/merged.dir/values-lv/values-lv.xml', LF will be replaced by CRLF the next time Git touches it
warning: in the working copy of 'build/app/intermediates/incremental/debug/mergeDebugResources/merged.dir/values-mk/values-mk.xml', LF will be replaced by CRLF the next time Git touches it
warning: in the working copy of 'build/app/intermediates/incremental/debug/mergeDebugResources/merged.dir/values-ml/values-ml.xml', LF will be replaced by CRLF the next time Git touches it
warning: in the working copy of 'build/app/intermediates/incremental/debug/mergeDebugResources/merged.dir/values-mn/values-mn.xml', LF will be replaced by CRLF the next time Git touches it
warning: in the working copy of 'build/app/intermediates/incremental/debug/mergeDebugResources/merged.dir/values-mr/values-mr.xml', LF will be replaced by CRLF the next time Git touches it
warning: in the working copy of 'build/app/intermediates/incremental/debug/mergeDebugResources/merged.dir/values-ms/values-ms.xml', LF will be replaced by CRLF the next time Git touches it
warning: in the working copy of 'build/app/intermediates/incremental/debug/mergeDebugResources/merged.dir/values-my/values-my.xml', LF will be replaced by CRLF the next time Git touches it
warning: in the working copy of 'build/app/intermediates/incremental/debug/mergeDebugResources/merged.dir/values-nb/values-nb.xml', LF will be replaced by CRLF the next time Git touches it
warning: in the working copy of 'build/app/intermediates/incremental/debug/mergeDebugResources/merged.dir/values-ne/values-ne.xml', LF will be replaced by CRLF the next time Git touches it
warning: in the working copy of 'build/app/intermediates/incremental/debug/mergeDebugResources/merged.dir/values-night-v8/values-night-v8.xml', LF will be replaced by CRLF the next time Git touches it
warning: in the working copy of 'build/app/intermediates/incremental/debug/mergeDebugResources/merged.dir/values-nl/values-nl.xml', LF will be replaced by CRLF the next time Git touches it
warning: in the working copy of 'build/app/intermediates/incremental/debug/mergeDebugResources/merged.dir/values-or/values-or.xml', LF will be replaced by CRLF the next time Git touches it
warning: in the working copy of 'build/app/intermediates/incremental/debug/mergeDebugResources/merged.dir/values-pa/values-pa.xml', LF will be replaced by CRLF the next time Git touches it
warning: in the working copy of 'build/app/intermediates/incremental/debug/mergeDebugResources/merged.dir/values-pl/values-pl.xml', LF will be replaced by CRLF the next time Git touches it
warning: in the working copy of 'build/app/intermediates/incremental/debug/mergeDebugResources/merged.dir/values-port/values-port.xml', LF will be replaced by CRLF the next time Git touches it
warning: in the working copy of 'build/app/intermediates/incremental/debug/mergeDebugResources/merged.dir/values-pt-rBR/values-pt-rBR.xml', LF will be replaced by CRLF the next time Git touches it
warning: in the working copy of 'build/app/intermediates/incremental/debug/mergeDebugResources/merged.dir/values-pt-rPT/values-pt-rPT.xml', LF will be replaced by CRLF the next time Git touches it
warning: in the working copy of 'build/app/intermediates/incremental/debug/mergeDebugResources/merged.dir/values-pt/values-pt.xml', LF will be replaced by CRLF the next time Git touches it
warning: in the working copy of 'build/app/intermediates/incremental/debug/mergeDebugResources/merged.dir/values-ro/values-ro.xml', LF will be replaced by CRLF the next time Git touches it
warning: in the working copy of 'build/app/intermediates/incremental/debug/mergeDebugResources/merged.dir/values-ru/values-ru.xml', LF will be replaced by CRLF the next time Git touches it
warning: in the working copy of 'build/app/intermediates/incremental/debug/mergeDebugResources/merged.dir/values-si/values-si.xml', LF will be replaced by CRLF the next time Git touches it
warning: in the working copy of 'build/app/intermediates/incremental/debug/mergeDebugResources/merged.dir/values-sk/values-sk.xml', LF will be replaced by CRLF the next time Git touches it
warning: in the working copy of 'build/app/intermediates/incremental/debug/mergeDebugResources/merged.dir/values-sl/values-sl.xml', LF will be replaced by CRLF the next time Git touches it
warning: in the working copy of 'build/app/intermediates/incremental/debug/mergeDebugResources/merged.dir/values-sq/values-sq.xml', LF will be replaced by CRLF the next time Git touches it
warning: in the working copy of 'build/app/intermediates/incremental/debug/mergeDebugResources/merged.dir/values-sr/values-sr.xml', LF will be replaced by CRLF the next time Git touches it
warning: in the working copy of 'build/app/intermediates/incremental/debug/mergeDebugResources/merged.dir/values-sv/values-sv.xml', LF will be replaced by CRLF the next time Git touches it
warning: in the working copy of 'build/app/intermediates/incremental/debug/mergeDebugResources/merged.dir/values-sw/values-sw.xml', LF will be replaced by CRLF the next time Git touches it
warning: in the working copy of 'build/app/intermediates/incremental/debug/mergeDebugResources/merged.dir/values-sw360dp-v13/values-sw360dp-v13.xml', LF will be replaced by CRLF the next time Git touches it
warning: in the working copy of 'build/app/intermediates/incremental/debug/mergeDebugResources/merged.dir/values-sw600dp-v13/values-sw600dp-v13.xml', LF will be replaced by CRLF the next time Git touches it
warning: in the working copy of 'build/app/intermediates/incremental/debug/mergeDebugResources/merged.dir/values-ta/values-ta.xml', LF will be replaced by CRLF the next time Git touches it
warning: in the working copy of 'build/app/intermediates/incremental/debug/mergeDebugResources/merged.dir/values-te/values-te.xml', LF will be replaced by CRLF the next time Git touches it
warning: in the working copy of 'build/app/intermediates/incremental/debug/mergeDebugResources/merged.dir/values-th/values-th.xml', LF will be replaced by CRLF the next time Git touches it
warning: in the working copy of 'build/app/intermediates/incremental/debug/mergeDebugResources/merged.dir/values-tl/values-tl.xml', LF will be replaced by CRLF the next time Git touches it
warning: in the working copy of 'build/app/intermediates/incremental/debug/mergeDebugResources/merged.dir/values-tr/values-tr.xml', LF will be replaced by CRLF the next time Git touches it
warning: in the working copy of 'build/app/intermediates/incremental/debug/mergeDebugResources/merged.dir/values-uk/values-uk.xml', LF will be replaced by CRLF the next time Git touches it
warning: in the working copy of 'build/app/intermediates/incremental/debug/mergeDebugResources/merged.dir/values-ur/values-ur.xml', LF will be replaced by CRLF the next time Git touches it
warning: in the working copy of 'build/app/intermediates/incremental/debug/mergeDebugResources/merged.dir/values-uz/values-uz.xml', LF will be replaced by CRLF the next time Git touches it
warning: in the working copy of 'build/app/intermediates/incremental/debug/mergeDebugResources/merged.dir/values-v16/values-v16.xml', LF will be replaced by CRLF the next time Git touches it
warning: in the working copy of 'build/app/intermediates/incremental/debug/mergeDebugResources/merged.dir/values-v17/values-v17.xml', LF will be replaced by CRLF the next time Git touches it
warning: in the working copy of 'build/app/intermediates/incremental/debug/mergeDebugResources/merged.dir/values-v18/values-v18.xml', LF will be replaced by CRLF the next time Git touches it
warning: in the working copy of 'build/app/intermediates/incremental/debug/mergeDebugResources/merged.dir/values-v21/values-v21.xml', LF will be replaced by CRLF the next time Git touches it
warning: in the working copy of 'build/app/intermediates/incremental/debug/mergeDebugResources/merged.dir/values-v22/values-v22.xml', LF will be replaced by CRLF the next time Git touches it
warning: in the working copy of 'build/app/intermediates/incremental/debug/mergeDebugResources/merged.dir/values-v23/values-v23.xml', LF will be replaced by CRLF the next time Git touches it
warning: in the working copy of 'build/app/intermediates/incremental/debug/mergeDebugResources/merged.dir/values-v24/values-v24.xml', LF will be replaced by CRLF the next time Git touches it
warning: in the working copy of 'build/app/intermediates/incremental/debug/mergeDebugResources/merged.dir/values-v25/values-v25.xml', LF will be replaced by CRLF the next time Git touches it
warning: in the working copy of 'build/app/intermediates/incremental/debug/mergeDebugResources/merged.dir/values-v26/values-v26.xml', LF will be replaced by CRLF the next time Git touches it
warning: in the working copy of 'build/app/intermediates/incremental/debug/mergeDebugResources/merged.dir/values-v28/values-v28.xml', LF will be replaced by CRLF the next time Git touches it
warning: in the working copy of 'build/app/intermediates/incremental/debug/mergeDebugResources/merged.dir/values-vi/values-vi.xml', LF will be replaced by CRLF the next time Git touches it
warning: in the working copy of 'build/app/intermediates/incremental/debug/mergeDebugResources/merged.dir/values-watch-v20/values-watch-v20.xml', LF will be replaced by CRLF the next time Git touches it
warning: in the working copy of 'build/app/intermediates/incremental/debug/mergeDebugResources/merged.dir/values-watch-v21/values-watch-v21.xml', LF will be replaced by CRLF the next time Git touches it
warning: in the working copy of 'build/app/intermediates/incremental/debug/mergeDebugResources/merged.dir/values-xlarge-v4/values-xlarge-v4.xml', LF will be replaced by CRLF the next time Git touches it
warning: in the working copy of 'build/app/intermediates/incremental/debug/mergeDebugResources/merged.dir/values-zh-rCN/values-zh-rCN.xml', LF will be replaced by CRLF the next time Git touches it
warning: in the working copy of 'build/app/intermediates/incremental/debug/mergeDebugResources/merged.dir/values-zh-rHK/values-zh-rHK.xml', LF will be replaced by CRLF the next time Git touches it
warning: in the working copy of 'build/app/intermediates/incremental/debug/mergeDebugResources/merged.dir/values-zh-rTW/values-zh-rTW.xml', LF will be replaced by CRLF the next time Git touches it
warning: in the working copy of 'build/app/intermediates/incremental/debug/mergeDebugResources/merged.dir/values-zu/values-zu.xml', LF will be replaced by CRLF the next time Git touches it
warning: in the working copy of 'build/app/intermediates/incremental/debug/mergeDebugResources/merged.dir/values/values.xml', LF will be replaced by CRLF the next time Git touches it
warning: in the working copy of 'build/app/intermediates/incremental/debug/mergeDebugResources/merger.xml', LF will be replaced by CRLF the next time Git touches it
warning: in the working copy of 'build/app/intermediates/incremental/debug/packageDebugResources/merger.xml', LF will be replaced by CRLF the next time Git touches it
warning: in the working copy of 'build/app/intermediates/incremental/mergeDebugAssets/merger.xml', LF will be replaced by CRLF the next time Git touches it
warning: in the working copy of 'build/app/intermediates/incremental/mergeDebugJniLibFolders/merger.xml', LF will be replaced by CRLF the next time Git touches it
warning: in the working copy of 'build/app/intermediates/incremental/mergeDebugShaders/merger.xml', LF will be replaced by CRLF the next time Git touches it
warning: in the working copy of 'build/app/intermediates/linked_resources_binary_format/debug/processDebugResources/output-metadata.json', LF will be replaced by CRLF the next time Git touches it
warning: in the working copy of 'build/app/intermediates/local_only_symbol_list/debug/parseDebugLocalResources/R-def.txt', LF will be replaced by CRLF the next time Git touches it
warning: in the working copy of 'build/app/intermediates/manifest_merge_blame_file/debug/processDebugMainManifest/manifest-merger-blame-debug-report.txt', LF will be replaced by CRLF the next time Git touches it
warning: in the working copy of 'build/app/intermediates/merged_manifest/debug/outputDebugAppLinkSettings/AndroidManifest.xml', LF will be replaced by CRLF the next time Git touches it
warning: in the working copy of 'build/app/intermediates/merged_manifest/debug/processDebugMainManifest/AndroidManifest.xml', LF will be replaced by CRLF the next time Git touches it
warning: in the working copy of 'build/app/intermediates/merged_manifests/debug/processDebugManifest/AndroidManifest.xml', LF will be replaced by CRLF the next time Git touches it
warning: in the working copy of 'build/app/intermediates/merged_manifests/debug/processDebugManifest/output-metadata.json', LF will be replaced by CRLF the next time Git touches it
warning: in the working copy of 'build/app/intermediates/merged_res_blame_folder/debug/mergeDebugResources/out/multi-v2/mergeDebugResources.json', LF will be replaced by CRLF the next time Git touches it
warning: in the working copy of 'build/app/intermediates/merged_res_blame_folder/debug/mergeDebugResources/out/multi-v2/values-af.json', LF will be replaced by CRLF the next time Git touches it
warning: in the working copy of 'build/app/intermediates/merged_res_blame_folder/debug/mergeDebugResources/out/multi-v2/values-am.json', LF will be replaced by CRLF the next time Git touches it
warning: in the working copy of 'build/app/intermediates/merged_res_blame_folder/debug/mergeDebugResources/out/multi-v2/values-ar.json', LF will be replaced by CRLF the next time Git touches it
warning: in the working copy of 'build/app/intermediates/merged_res_blame_folder/debug/mergeDebugResources/out/multi-v2/values-as.json', LF will be replaced by CRLF the next time Git touches it
warning: in the working copy of 'build/app/intermediates/merged_res_blame_folder/debug/mergeDebugResources/out/multi-v2/values-az.json', LF will be replaced by CRLF the next time Git touches it
warning: in the working copy of 'build/app/intermediates/merged_res_blame_folder/debug/mergeDebugResources/out/multi-v2/values-b+sr+Latn.json', LF will be replaced by CRLF the next time Git touches it
warning: in the working copy of 'build/app/intermediates/merged_res_blame_folder/debug/mergeDebugResources/out/multi-v2/values-be.json', LF will be replaced by CRLF the next time Git touches it
warning: in the working copy of 'build/app/intermediates/merged_res_blame_folder/debug/mergeDebugResources/out/multi-v2/values-bg.json', LF will be replaced by CRLF the next time Git touches it
warning: in the working copy of 'build/app/intermediates/merged_res_blame_folder/debug/mergeDebugResources/out/multi-v2/values-bn.json', LF will be replaced by CRLF the next time Git touches it
warning: in the working copy of 'build/app/intermediates/merged_res_blame_folder/debug/mergeDebugResources/out/multi-v2/values-bs.json', LF will be replaced by CRLF the next time Git touches it
warning: in the working copy of 'build/app/intermediates/merged_res_blame_folder/debug/mergeDebugResources/out/multi-v2/values-ca.json', LF will be replaced by CRLF the next time Git touches it
warning: in the working copy of 'build/app/intermediates/merged_res_blame_folder/debug/mergeDebugResources/out/multi-v2/values-cs.json', LF will be replaced by CRLF the next time Git touches it
warning: in the working copy of 'build/app/intermediates/merged_res_blame_folder/debug/mergeDebugResources/out/multi-v2/values-da.json', LF will be replaced by CRLF the next time Git touches it
warning: in the working copy of 'build/app/intermediates/merged_res_blame_folder/debug/mergeDebugResources/out/multi-v2/values-de.json', LF will be replaced by CRLF the next time Git touches it
warning: in the working copy of 'build/app/intermediates/merged_res_blame_folder/debug/mergeDebugResources/out/multi-v2/values-el.json', LF will be replaced by CRLF the next time Git touches it
warning: in the working copy of 'build/app/intermediates/merged_res_blame_folder/debug/mergeDebugResources/out/multi-v2/values-en-rAU.json', LF will be replaced by CRLF the next time Git touches it
warning: in the working copy of 'build/app/intermediates/merged_res_blame_folder/debug/mergeDebugResources/out/multi-v2/values-en-rCA.json', LF will be replaced by CRLF the next time Git touches it
warning: in the working copy of 'build/app/intermediates/merged_res_blame_folder/debug/mergeDebugResources/out/multi-v2/values-en-rGB.json', LF will be replaced by CRLF the next time Git touches it
warning: in the working copy of 'build/app/intermediates/merged_res_blame_folder/debug/mergeDebugResources/out/multi-v2/values-en-rIN.json', LF will be replaced by CRLF the next time Git touches it
warning: in the working copy of 'build/app/intermediates/merged_res_blame_folder/debug/mergeDebugResources/out/multi-v2/values-en-rXC.json', LF will be replaced by CRLF the next time Git touches it
warning: in the working copy of 'build/app/intermediates/merged_res_blame_folder/debug/mergeDebugResources/out/multi-v2/values-es-rUS.json', LF will be replaced by CRLF the next time Git touches it
warning: in the working copy of 'build/app/intermediates/merged_res_blame_folder/debug/mergeDebugResources/out/multi-v2/values-es.json', LF will be replaced by CRLF the next time Git touches it
warning: in the working copy of 'build/app/intermediates/merged_res_blame_folder/debug/mergeDebugResources/out/multi-v2/values-et.json', LF will be replaced by CRLF the next time Git touches it
warning: in the working copy of 'build/app/intermediates/merged_res_blame_folder/debug/mergeDebugResources/out/multi-v2/values-eu.json', LF will be replaced by CRLF the next time Git touches it
warning: in the working copy of 'build/app/intermediates/merged_res_blame_folder/debug/mergeDebugResources/out/multi-v2/values-fa.json', LF will be replaced by CRLF the next time Git touches it
warning: in the working copy of 'build/app/intermediates/merged_res_blame_folder/debug/mergeDebugResources/out/multi-v2/values-fi.json', LF will be replaced by CRLF the next time Git touches it
warning: in the working copy of 'build/app/intermediates/merged_res_blame_folder/debug/mergeDebugResources/out/multi-v2/values-fr-rCA.json', LF will be replaced by CRLF the next time Git touches it
warning: in the working copy of 'build/app/intermediates/merged_res_blame_folder/debug/mergeDebugResources/out/multi-v2/values-fr.json', LF will be replaced by CRLF the next time Git touches it
warning: in the working copy of 'build/app/intermediates/merged_res_blame_folder/debug/mergeDebugResources/out/multi-v2/values-gl.json', LF will be replaced by CRLF the next time Git touches it
warning: in the working copy of 'build/app/intermediates/merged_res_blame_folder/debug/mergeDebugResources/out/multi-v2/values-gu.json', LF will be replaced by CRLF the next time Git touches it
warning: in the working copy of 'build/app/intermediates/merged_res_blame_folder/debug/mergeDebugResources/out/multi-v2/values-h720dp-v13.json', LF will be replaced by CRLF the next time Git touches it
warning: in the working copy of 'build/app/intermediates/merged_res_blame_folder/debug/mergeDebugResources/out/multi-v2/values-hdpi-v4.json', LF will be replaced by CRLF the next time Git touches it
warning: in the working copy of 'build/app/intermediates/merged_res_blame_folder/debug/mergeDebugResources/out/multi-v2/values-hi.json', LF will be replaced by CRLF the next time Git touches it
warning: in the working copy of 'build/app/intermediates/merged_res_blame_folder/debug/mergeDebugResources/out/multi-v2/values-hr.json', LF will be replaced by CRLF the next time Git touches it
warning: in the working copy of 'build/app/intermediates/merged_res_blame_folder/debug/mergeDebugResources/out/multi-v2/values-hu.json', LF will be replaced by CRLF the next time Git touches it
warning: in the working copy of 'build/app/intermediates/merged_res_blame_folder/debug/mergeDebugResources/out/multi-v2/values-hy.json', LF will be replaced by CRLF the next time Git touches it
warning: in the working copy of 'build/app/intermediates/merged_res_blame_folder/debug/mergeDebugResources/out/multi-v2/values-in.json', LF will be replaced by CRLF the next time Git touches it
warning: in the working copy of 'build/app/intermediates/merged_res_blame_folder/debug/mergeDebugResources/out/multi-v2/values-is.json', LF will be replaced by CRLF the next time Git touches it
warning: in the working copy of 'build/app/intermediates/merged_res_blame_folder/debug/mergeDebugResources/out/multi-v2/values-it.json', LF will be replaced by CRLF the next time Git touches it
warning: in the working copy of 'build/app/intermediates/merged_res_blame_folder/debug/mergeDebugResources/out/multi-v2/values-iw.json', LF will be replaced by CRLF the next time Git touches it
warning: in the working copy of 'build/app/intermediates/merged_res_blame_folder/debug/mergeDebugResources/out/multi-v2/values-ja.json', LF will be replaced by CRLF the next time Git touches it
warning: in the working copy of 'build/app/intermediates/merged_res_blame_folder/debug/mergeDebugResources/out/multi-v2/values-ka.json', LF will be replaced by CRLF the next time Git touches it
warning: in the working copy of 'build/app/intermediates/merged_res_blame_folder/debug/mergeDebugResources/out/multi-v2/values-kk.json', LF will be replaced by CRLF the next time Git touches it
warning: in the working copy of 'build/app/intermediates/merged_res_blame_folder/debug/mergeDebugResources/out/multi-v2/values-km.json', LF will be replaced by CRLF the next time Git touches it
warning: in the working copy of 'build/app/intermediates/merged_res_blame_folder/debug/mergeDebugResources/out/multi-v2/values-kn.json', LF will be replaced by CRLF the next time Git touches it
warning: in the working copy of 'build/app/intermediates/merged_res_blame_folder/debug/mergeDebugResources/out/multi-v2/values-ko.json', LF will be replaced by CRLF the next time Git touches it
warning: in the working copy of 'build/app/intermediates/merged_res_blame_folder/debug/mergeDebugResources/out/multi-v2/values-ky.json', LF will be replaced by CRLF the next time Git touches it
warning: in the working copy of 'build/app/intermediates/merged_res_blame_folder/debug/mergeDebugResources/out/multi-v2/values-land.json', LF will be replaced by CRLF the next time Git touches it
warning: in the working copy of 'build/app/intermediates/merged_res_blame_folder/debug/mergeDebugResources/out/multi-v2/values-large-v4.json', LF will be replaced by CRLF the next time Git touches it
warning: in the working copy of 'build/app/intermediates/merged_res_blame_folder/debug/mergeDebugResources/out/multi-v2/values-ldltr-v21.json', LF will be replaced by CRLF the next time Git touches it
warning: in the working copy of 'build/app/intermediates/merged_res_blame_folder/debug/mergeDebugResources/out/multi-v2/values-lo.json', LF will be replaced by CRLF the next time Git touches it
warning: in the working copy of 'build/app/intermediates/merged_res_blame_folder/debug/mergeDebugResources/out/multi-v2/values-lt.json', LF will be replaced by CRLF the next time Git touches it
warning: in the working copy of 'build/app/intermediates/merged_res_blame_folder/debug/mergeDebugResources/out/multi-v2/values-lv.json', LF will be replaced by CRLF the next time Git touches it
warning: in the working copy of 'build/app/intermediates/merged_res_blame_folder/debug/mergeDebugResources/out/multi-v2/values-mk.json', LF will be replaced by CRLF the next time Git touches it
warning: in the working copy of 'build/app/intermediates/merged_res_blame_folder/debug/mergeDebugResources/out/multi-v2/values-ml.json', LF will be replaced by CRLF the next time Git touches it
warning: in the working copy of 'build/app/intermediates/merged_res_blame_folder/debug/mergeDebugResources/out/multi-v2/values-mn.json', LF will be replaced by CRLF the next time Git touches it
warning: in the working copy of 'build/app/intermediates/merged_res_blame_folder/debug/mergeDebugResources/out/multi-v2/values-mr.json', LF will be replaced by CRLF the next time Git touches it
warning: in the working copy of 'build/app/intermediates/merged_res_blame_folder/debug/mergeDebugResources/out/multi-v2/values-ms.json', LF will be replaced by CRLF the next time Git touches it
warning: in the working copy of 'build/app/intermediates/merged_res_blame_folder/debug/mergeDebugResources/out/multi-v2/values-my.json', LF will be replaced by CRLF the next time Git touches it
warning: in the working copy of 'build/app/intermediates/merged_res_blame_folder/debug/mergeDebugResources/out/multi-v2/values-nb.json', LF will be replaced by CRLF the next time Git touches it
warning: in the working copy of 'build/app/intermediates/merged_res_blame_folder/debug/mergeDebugResources/out/multi-v2/values-ne.json', LF will be replaced by CRLF the next time Git touches it
warning: in the working copy of 'build/app/intermediates/merged_res_blame_folder/debug/mergeDebugResources/out/multi-v2/values-night-v8.json', LF will be replaced by CRLF the next time Git touches it
warning: in the working copy of 'build/app/intermediates/merged_res_blame_folder/debug/mergeDebugResources/out/multi-v2/values-nl.json', LF will be replaced by CRLF the next time Git touches it
warning: in the working copy of 'build/app/intermediates/merged_res_blame_folder/debug/mergeDebugResources/out/multi-v2/values-or.json', LF will be replaced by CRLF the next time Git touches it
warning: in the working copy of 'build/app/intermediates/merged_res_blame_folder/debug/mergeDebugResources/out/multi-v2/values-pa.json', LF will be replaced by CRLF the next time Git touches it
warning: in the working copy of 'build/app/intermediates/merged_res_blame_folder/debug/mergeDebugResources/out/multi-v2/values-pl.json', LF will be replaced by CRLF the next time Git touches it
warning: in the working copy of 'build/app/intermediates/merged_res_blame_folder/debug/mergeDebugResources/out/multi-v2/values-port.json', LF will be replaced by CRLF the next time Git touches it
warning: in the working copy of 'build/app/intermediates/merged_res_blame_folder/debug/mergeDebugResources/out/multi-v2/values-pt-rBR.json', LF will be replaced by CRLF the next time Git touches it
warning: in the working copy of 'build/app/intermediates/merged_res_blame_folder/debug/mergeDebugResources/out/multi-v2/values-pt-rPT.json', LF will be replaced by CRLF the next time Git touches it
warning: in the working copy of 'build/app/intermediates/merged_res_blame_folder/debug/mergeDebugResources/out/multi-v2/values-pt.json', LF will be replaced by CRLF the next time Git touches it
warning: in the working copy of 'build/app/intermediates/merged_res_blame_folder/debug/mergeDebugResources/out/multi-v2/values-ro.json', LF will be replaced by CRLF the next time Git touches it
warning: in the working copy of 'build/app/intermediates/merged_res_blame_folder/debug/mergeDebugResources/out/multi-v2/values-ru.json', LF will be replaced by CRLF the next time Git touches it
warning: in the working copy of 'build/app/intermediates/merged_res_blame_folder/debug/mergeDebugResources/out/multi-v2/values-si.json', LF will be replaced by CRLF the next time Git touches it
warning: in the working copy of 'build/app/intermediates/merged_res_blame_folder/debug/mergeDebugResources/out/multi-v2/values-sk.json', LF will be replaced by CRLF the next time Git touches it
warning: in the working copy of 'build/app/intermediates/merged_res_blame_folder/debug/mergeDebugResources/out/multi-v2/values-sl.json', LF will be replaced by CRLF the next time Git touches it
warning: in the working copy of 'build/app/intermediates/merged_res_blame_folder/debug/mergeDebugResources/out/multi-v2/values-sq.json', LF will be replaced by CRLF the next time Git touches it
warning: in the working copy of 'build/app/intermediates/merged_res_blame_folder/debug/mergeDebugResources/out/multi-v2/values-sr.json', LF will be replaced by CRLF the next time Git touches it
warning: in the working copy of 'build/app/intermediates/merged_res_blame_folder/debug/mergeDebugResources/out/multi-v2/values-sv.json', LF will be replaced by CRLF the next time Git touches it
warning: in the working copy of 'build/app/intermediates/merged_res_blame_folder/debug/mergeDebugResources/out/multi-v2/values-sw.json', LF will be replaced by CRLF the next time Git touches it
warning: in the working copy of 'build/app/intermediates/merged_res_blame_folder/debug/mergeDebugResources/out/multi-v2/values-sw360dp-v13.json', LF will be replaced by CRLF the next time Git touches it
warning: in the working copy of 'build/app/intermediates/merged_res_blame_folder/debug/mergeDebugResources/out/multi-v2/values-sw600dp-v13.json', LF will be replaced by CRLF the next time Git touches it
warning: in the working copy of 'build/app/intermediates/merged_res_blame_folder/debug/mergeDebugResources/out/multi-v2/values-ta.json', LF will be replaced by CRLF the next time Git touches it
warning: in the working copy of 'build/app/intermediates/merged_res_blame_folder/debug/mergeDebugResources/out/multi-v2/values-te.json', LF will be replaced by CRLF the next time Git touches it
warning: in the working copy of 'build/app/intermediates/merged_res_blame_folder/debug/mergeDebugResources/out/multi-v2/values-th.json', LF will be replaced by CRLF the next time Git touches it
warning: in the working copy of 'build/app/intermediates/merged_res_blame_folder/debug/mergeDebugResources/out/multi-v2/values-tl.json', LF will be replaced by CRLF the next time Git touches it
warning: in the working copy of 'build/app/intermediates/merged_res_blame_folder/debug/mergeDebugResources/out/multi-v2/values-tr.json', LF will be replaced by CRLF the next time Git touches it
warning: in the working copy of 'build/app/intermediates/merged_res_blame_folder/debug/mergeDebugResources/out/multi-v2/values-uk.json', LF will be replaced by CRLF the next time Git touches it
warning: in the working copy of 'build/app/intermediates/merged_res_blame_folder/debug/mergeDebugResources/out/multi-v2/values-ur.json', LF will be replaced by CRLF the next time Git touches it
warning: in the working copy of 'build/app/intermediates/merged_res_blame_folder/debug/mergeDebugResources/out/multi-v2/values-uz.json', LF will be replaced by CRLF the next time Git touches it
warning: in the working copy of 'build/app/intermediates/merged_res_blame_folder/debug/mergeDebugResources/out/multi-v2/values-v16.json', LF will be replaced by CRLF the next time Git touches it
warning: in the working copy of 'build/app/intermediates/merged_res_blame_folder/debug/mergeDebugResources/out/multi-v2/values-v17.json', LF will be replaced by CRLF the next time Git touches it
warning: in the working copy of 'build/app/intermediates/merged_res_blame_folder/debug/mergeDebugResources/out/multi-v2/values-v18.json', LF will be replaced by CRLF the next time Git touches it
warning: in the working copy of 'build/app/intermediates/merged_res_blame_folder/debug/mergeDebugResources/out/multi-v2/values-v21.json', LF will be replaced by CRLF the next time Git touches it
warning: in the working copy of 'build/app/intermediates/merged_res_blame_folder/debug/mergeDebugResources/out/multi-v2/values-v22.json', LF will be replaced by CRLF the next time Git touches it
warning: in the working copy of 'build/app/intermediates/merged_res_blame_folder/debug/mergeDebugResources/out/multi-v2/values-v23.json', LF will be replaced by CRLF the next time Git touches it
warning: in the working copy of 'build/app/intermediates/merged_res_blame_folder/debug/mergeDebugResources/out/multi-v2/values-v24.json', LF will be replaced by CRLF the next time Git touches it
warning: in the working copy of 'build/app/intermediates/merged_res_blame_folder/debug/mergeDebugResources/out/multi-v2/values-v25.json', LF will be replaced by CRLF the next time Git touches it
warning: in the working copy of 'build/app/intermediates/merged_res_blame_folder/debug/mergeDebugResources/out/multi-v2/values-v26.json', LF will be replaced by CRLF the next time Git touches it
warning: in the working copy of 'build/app/intermediates/merged_res_blame_folder/debug/mergeDebugResources/out/multi-v2/values-v28.json', LF will be replaced by CRLF the next time Git touches it
warning: in the working copy of 'build/app/intermediates/merged_res_blame_folder/debug/mergeDebugResources/out/multi-v2/values-vi.json', LF will be replaced by CRLF the next time Git touches it
warning: in the working copy of 'build/app/intermediates/merged_res_blame_folder/debug/mergeDebugResources/out/multi-v2/values-watch-v20.json', LF will be replaced by CRLF the next time Git touches it
warning: in the working copy of 'build/app/intermediates/merged_res_blame_folder/debug/mergeDebugResources/out/multi-v2/values-watch-v21.json', LF will be replaced by CRLF the next time Git touches it
warning: in the working copy of 'build/app/intermediates/merged_res_blame_folder/debug/mergeDebugResources/out/multi-v2/values-xlarge-v4.json', LF will be replaced by CRLF the next time Git touches it
warning: in the working copy of 'build/app/intermediates/merged_res_blame_folder/debug/mergeDebugResources/out/multi-v2/values-zh-rCN.json', LF will be replaced by CRLF the next time Git touches it
warning: in the working copy of 'build/app/intermediates/merged_res_blame_folder/debug/mergeDebugResources/out/multi-v2/values-zh-rHK.json', LF will be replaced by CRLF the next time Git touches it
warning: in the working copy of 'build/app/intermediates/merged_res_blame_folder/debug/mergeDebugResources/out/multi-v2/values-zh-rTW.json', LF will be replaced by CRLF the next time Git touches it
warning: in the working copy of 'build/app/intermediates/merged_res_blame_folder/debug/mergeDebugResources/out/multi-v2/values-zu.json', LF will be replaced by CRLF the next time Git touches it
warning: in the working copy of 'build/app/intermediates/merged_res_blame_folder/debug/mergeDebugResources/out/multi-v2/values.json', LF will be replaced by CRLF the next time Git touches it
warning: in the working copy of 'build/app/intermediates/merged_res_blame_folder/debug/mergeDebugResources/out/single/mergeDebugResources.json', LF will be replaced by CRLF the next time Git touches it
warning: in the working copy of 'build/app/intermediates/packaged_manifests/debug/processDebugManifestForPackage/AndroidManifest.xml', LF will be replaced by CRLF the next time Git touches it
warning: in the working copy of 'build/app/intermediates/packaged_manifests/debug/processDebugManifestForPackage/output-metadata.json', LF will be replaced by CRLF the next time Git touches it
warning: in the working copy of 'build/app/intermediates/packaged_res/debug/packageDebugResources/values-night-v8/values-night-v8.xml', LF will be replaced by CRLF the next time Git touches it
warning: in the working copy of 'build/app/intermediates/packaged_res/debug/packageDebugResources/values/values.xml', LF will be replaced by CRLF the next time Git touches it
warning: in the working copy of 'build/app/intermediates/runtime_symbol_list/debug/processDebugResources/R.txt', LF will be replaced by CRLF the next time Git touches it
warning: in the working copy of 'build/app/intermediates/source_set_path_map/debug/mapDebugSourceSetPaths/file-map.txt', LF will be replaced by CRLF the next time Git touches it
warning: in the working copy of 'build/app/intermediates/stable_resource_ids_file/debug/processDebugResources/stableIds.txt', LF will be replaced by CRLF the next time Git touches it
warning: in the working copy of 'build/app/intermediates/symbol_list_with_package_name/debug/processDebugResources/package-aware-r.txt', LF will be replaced by CRLF the next time Git touches it
warning: in the working copy of 'build/app/kotlin/compileDebugKotlin/cacheable/caches-jvm/lookups/counters.tab', LF will be replaced by CRLF the next time Git touches it
warning: in the working copy of 'build/app/outputs/apk/debug/output-metadata.json', LF will be replaced by CRLF the next time Git touches it
warning: in the working copy of 'build/app/outputs/logs/manifest-merger-debug-report.txt', LF will be replaced by CRLF the next time Git touches it
warning: in the working copy of 'build/app_links/intermediates/aapt_friendly_merged_manifests/debug/processDebugManifest/aapt/AndroidManifest.xml', LF will be replaced by CRLF the next time Git touches it
warning: in the working copy of 'build/app_links/intermediates/aapt_friendly_merged_manifests/debug/processDebugManifest/aapt/output-metadata.json', LF will be replaced by CRLF the next time Git touches it
warning: in the working copy of 'build/app_links/intermediates/aar_metadata/debug/writeDebugAarMetadata/aar-metadata.properties', LF will be replaced by CRLF the next time Git touches it
warning: in the working copy of 'build/app_links/intermediates/incremental/debug/packageDebugResources/merger.xml', LF will be replaced by CRLF the next time Git touches it
warning: in the working copy of 'build/app_links/intermediates/incremental/mergeDebugAssets/merger.xml', LF will be replaced by CRLF the next time Git touches it
warning: in the working copy of 'build/app_links/intermediates/incremental/mergeDebugJniLibFolders/merger.xml', LF will be replaced by CRLF the next time Git touches it
warning: in the working copy of 'build/app_links/intermediates/incremental/mergeDebugShaders/merger.xml', LF will be replaced by CRLF the next time Git touches it
warning: in the working copy of 'build/app_links/intermediates/local_only_symbol_list/debug/parseDebugLocalResources/R-def.txt', LF will be replaced by CRLF the next time Git touches it
warning: in the working copy of 'build/app_links/intermediates/manifest_merge_blame_file/debug/processDebugManifest/manifest-merger-blame-debug-report.txt', LF will be replaced by CRLF the next time Git touches it
warning: in the working copy of 'build/app_links/intermediates/merged_manifest/debug/processDebugManifest/AndroidManifest.xml', LF will be replaced by CRLF the next time Git touches it
warning: in the working copy of 'build/app_links/intermediates/symbol_list_with_package_name/debug/generateDebugRFile/package-aware-r.txt', LF will be replaced by CRLF the next time Git touches it
warning: in the working copy of 'build/app_links/outputs/logs/manifest-merger-debug-report.txt', LF will be replaced by CRLF the next time Git touches it
error: open("build/flutter_plugin_android_lifecycle/.transforms/f9c2835012f6c3020051efba4b1e855a/transformed/bundleLibRuntimeToDirDebug/bundleLibRuntimeToDirDebug_dex/io/flutter/embedding/engine/plugins/lifecycle/FlutterLifecycleAdapter.dex"): Filename too long
error: unable to index file 'build/flutter_plugin_android_lifecycle/.transforms/f9c2835012f6c3020051efba4b1e855a/transformed/bundleLibRuntimeToDirDebug/bundleLibRuntimeToDirDebug_dex/io/flutter/embedding/engine/plugins/lifecycle/FlutterLifecycleAdapter.dex'
fatal: adding files failed
